<?xml version="1.0" encoding="UTF-8"?>
<!-- Generated by org.testng.reporters.JUnitReportReporter -->
<testsuite skipped="0" hostname="DESKTOP-S5GH85J" name="testcases.PDP_ChooseColorandtheVariantChanges" tests="1" failures="0" timestamp="23 Sep 2018 23:23:58 GMT" time="128.636" errors="0">
  <testcase name="chooseacolor" time="128.636" classname="testcases.PDP_ChooseColorandtheVariantChanges"/>
</testsuite> <!-- testcases.PDP_ChooseColorandtheVariantChanges -->
