<?xml version="1.0" encoding="UTF-8"?>
<!-- Generated by org.testng.reporters.JUnitReportReporter -->
<testsuite skipped="0" hostname="DESKTOP-S5GH85J" name="testcases.PLP_ClickingNextbutton" tests="1" failures="0" timestamp="24 Sep 2018 04:44:04 GMT" time="94.161" errors="0">
  <testcase name="nextButton" time="94.161" classname="testcases.PLP_ClickingNextbutton"/>
</testsuite> <!-- testcases.PLP_ClickingNextbutton -->
