<?xml version="1.0" encoding="UTF-8"?>
<!-- Generated by org.testng.reporters.JUnitReportReporter -->
<testsuite name="testcases.TC002_LoginForFailure" tests="4" time="30.249" ignored="0" failures="0" timestamp="05 May 2018 20:26:42 GMT" skipped="0" hostname="DESKTOP-U822VNM" errors="0">
  <testcase name="loginAndLogout" time="7.314" classname="testcases.TC002_LoginForFailure"/>
  <testcase name="loginAndLogout" time="7.401" classname="testcases.TC002_LoginForFailure"/>
  <testcase name="loginAndLogout" time="8.226" classname="testcases.TC002_LoginForFailure"/>
  <testcase name="loginAndLogout" time="7.308" classname="testcases.TC002_LoginForFailure"/>
</testsuite> <!-- testcases.TC002_LoginForFailure -->
