<?xml version="1.0" encoding="UTF-8"?>
<!-- Generated by org.testng.reporters.JUnitReportReporter -->
<testsuite skipped="0" hostname="DESKTOP-S5GH85J" name="testcases.PDP_AddtoCart" tests="1" failures="0" timestamp="23 Sep 2018 23:34:14 GMT" time="130.022" errors="0">
  <testcase name="addtocart" time="130.022" classname="testcases.PDP_AddtoCart"/>
</testsuite> <!-- testcases.PDP_AddtoCart -->
