<?xml version="1.0" encoding="UTF-8"?>
<!-- Generated by org.testng.reporters.JUnitReportReporter -->
<testsuite skipped="0" hostname="DESKTOP-S5GH85J" name="testcases.PDP_VerifyMSRPandVIPprice" tests="1" failures="0" timestamp="23 Sep 2018 23:02:36 GMT" time="57.956" errors="0">
  <testcase name="verifyprice" time="57.956" classname="testcases.PDP_VerifyMSRPandVIPprice"/>
</testsuite> <!-- testcases.PDP_VerifyMSRPandVIPprice -->
