<?xml version="1.0" encoding="UTF-8"?>
<!-- Generated by org.testng.reporters.JUnitReportReporter -->
<testsuite skipped="0" hostname="DESKTOP-S5GH85J" name="testcases.PDP_ChooseaColor" tests="1" failures="0" timestamp="23 Sep 2018 23:31:35 GMT" time="84.411" errors="0">
  <testcase name="choosecolor" time="84.411" classname="testcases.PDP_ChooseaColor"/>
</testsuite> <!-- testcases.PDP_ChooseaColor -->
