<?xml version="1.0" encoding="UTF-8"?>
<!-- Generated by org.testng.reporters.JUnitReportReporter -->
<testsuite skipped="0" hostname="DESKTOP-S5GH85J" name="testcases.SearchaBrand" tests="1" failures="0" timestamp="23 Sep 2018 20:24:38 GMT" time="40.955" errors="0">
  <testcase name="seachaBrand" time="40.955" classname="testcases.SearchaBrand"/>
</testsuite> <!-- testcases.SearchaBrand -->
