<?xml version="1.0" encoding="UTF-8"?>
<!-- Generated by org.testng.reporters.JUnitReportReporter -->
<testsuite skipped="0" hostname="DESKTOP-S5GH85J" name="testcases.PDP_VisibilityofItemID" tests="1" failures="0" timestamp="23 Sep 2018 22:57:54 GMT" time="61.481" errors="0">
  <testcase name="visibilityofItemID" time="61.481" classname="testcases.PDP_VisibilityofItemID"/>
</testsuite> <!-- testcases.PDP_VisibilityofItemID -->
