<?xml version="1.0" encoding="UTF-8"?>
<!-- Generated by org.testng.reporters.JUnitReportReporter -->
<testsuite skipped="0" hostname="DESKTOP-S5GH85J" name="testcases.PDP_ClickaProduct" tests="1" failures="0" timestamp="23 Sep 2018 23:21:11 GMT" time="84.402" errors="0">
  <testcase name="clickaProduct" time="84.402" classname="testcases.PDP_ClickaProduct"/>
</testsuite> <!-- testcases.PDP_ClickaProduct -->
