<?xml version="1.0" encoding="UTF-8"?>
<!-- Generated by org.testng.reporters.JUnitReportReporter -->
<testsuite skipped="0" hostname="DESKTOP-S5GH85J" name="testcases.PDP_Incorrect_AddtoCart" tests="1" failures="0" timestamp="23 Sep 2018 23:19:26 GMT" time="70.283" errors="0">
  <testcase name="addtocartIncorrect" time="70.283" classname="testcases.PDP_Incorrect_AddtoCart"/>
</testsuite> <!-- testcases.PDP_Incorrect_AddtoCart -->
