<?xml version="1.0" encoding="UTF-8"?>
<!-- Generated by org.testng.reporters.JUnitReportReporter -->
<testsuite skipped="0" hostname="DESKTOP-S5GH85J" name="testcases.PDP_SizechartAvailable" tests="1" failures="0" timestamp="23 Sep 2018 23:13:09 GMT" time="42.266" errors="0">
  <testcase name="sizeChart" time="42.266" classname="testcases.PDP_SizechartAvailable"/>
</testsuite> <!-- testcases.PDP_SizechartAvailable -->
