<?xml version="1.0" encoding="UTF-8"?>
<!-- Generated by org.testng.reporters.JUnitReportReporter -->
<testsuite skipped="0" hostname="DESKTOP-S5GH85J" name="testcases.PDP_Reviewstab" tests="1" failures="0" timestamp="23 Sep 2018 23:14:53 GMT" time="53.283" errors="0">
  <testcase name="reviews" time="53.283" classname="testcases.PDP_Reviewstab"/>
</testsuite> <!-- testcases.PDP_Reviewstab -->
