<?xml version="1.0" encoding="UTF-8"?>
<!-- Generated by org.testng.reporters.JUnitReportReporter -->
<testsuite skipped="0" hostname="DESKTOP-S5GH85J" name="testcases.PLP_ClickingShopnowLink" tests="1" failures="0" timestamp="23 Sep 2018 22:32:08 GMT" time="34.778" errors="0">
  <testcase name="ClickShopNow" time="34.778" classname="testcases.PLP_ClickingShopnowLink"/>
</testsuite> <!-- testcases.PLP_ClickingShopnowLink -->
