<?xml version="1.0" encoding="UTF-8"?>
<!-- Generated by org.testng.reporters.JUnitReportReporter -->
<testsuite skipped="0" hostname="DESKTOP-S5GH85J" name="testcases.PDP_VisibilityofGetthisPriceLink" tests="1" failures="0" timestamp="23 Sep 2018 22:59:25 GMT" time="63.774" errors="0">
  <testcase name="getthisPrice" time="63.774" classname="testcases.PDP_VisibilityofGetthisPriceLink"/>
</testsuite> <!-- testcases.PDP_VisibilityofGetthisPriceLink -->
