<?xml version="1.0" encoding="UTF-8"?>
<!-- Generated by org.testng.reporters.JUnitReportReporter -->
<testsuite skipped="0" hostname="DESKTOP-S5GH85J" name="testcases.PDP_VerifyDescriptionofProduct" tests="1" failures="0" timestamp="23 Sep 2018 23:05:11 GMT" time="62.539" errors="0">
  <testcase name="productDescription" time="62.539" classname="testcases.PDP_VerifyDescriptionofProduct"/>
</testsuite> <!-- testcases.PDP_VerifyDescriptionofProduct -->
