<?xml version="1.0" encoding="UTF-8"?>
<!-- Generated by org.testng.reporters.JUnitReportReporter -->
<testsuite skipped="0" hostname="DESKTOP-S5GH85J" name="testcases.PDP_SocialmediaLink" tests="1" failures="0" timestamp="23 Sep 2018 23:11:58 GMT" time="81.149" errors="0">
  <testcase name="facebookpage" time="81.149" classname="testcases.PDP_SocialmediaLink"/>
</testsuite> <!-- testcases.PDP_SocialmediaLink -->
