<?xml version="1.0" encoding="UTF-8"?>
<!-- Generated by org.testng.reporters.JUnitReportReporter -->
<testsuite skipped="0" hostname="DESKTOP-S5GH85J" name="testcases.AddtwoProductstoCart" tests="1" failures="0" timestamp="23 Sep 2018 23:43:19 GMT" time="364.169" errors="0">
  <testcase name="twoproductstocart" time="364.169" classname="testcases.AddtwoProductstoCart"/>
</testsuite> <!-- testcases.AddtwoProductstoCart -->
