<?xml version="1.0" encoding="UTF-8"?>
<!-- Generated by org.testng.reporters.JUnitReportReporter -->
<testsuite skipped="0" hostname="DESKTOP-S5GH85J" name="testcases.PDP_NeedHelpTab" tests="1" failures="0" timestamp="23 Sep 2018 23:17:49 GMT" time="63.982" errors="0">
  <testcase name="videos" time="63.982" classname="testcases.PDP_NeedHelpTab"/>
</testsuite> <!-- testcases.PDP_NeedHelpTab -->
