<?xml version="1.0" encoding="UTF-8"?>
<!-- Generated by org.testng.reporters.JUnitReportReporter -->
<testsuite skipped="0" hostname="DESKTOP-S5GH85J" name="testcases.SearchwithKeyWords" tests="1" failures="0" timestamp="23 Sep 2018 20:28:21 GMT" time="36.920" errors="0">
  <testcase name="seachaBrand" time="36.920" classname="testcases.SearchwithKeyWords"/>
</testsuite> <!-- testcases.SearchwithKeyWords -->
