<?xml version="1.0" encoding="UTF-8"?>
<!-- Generated by org.testng.reporters.JUnitReportReporter -->
<testsuite skipped="0" hostname="DESKTOP-S5GH85J" name="testcases.Case11" tests="1" failures="0" timestamp="18 Sep 2018 06:42:43 GMT" time="22.518" errors="0">
  <testcase name="verifysearch" time="22.518" classname="testcases.Case11"/>
</testsuite> <!-- testcases.Case11 -->
