<?xml version="1.0" encoding="UTF-8"?>
<!-- Generated by org.testng.reporters.JUnitReportReporter -->
<testsuite skipped="0" hostname="DESKTOP-S5GH85J" name="testcases.Orders" tests="1" failures="0" timestamp="23 Sep 2018 05:30:21 GMT" time="155.445" errors="0">
  <testcase name="orders" time="155.445" classname="testcases.Orders"/>
</testsuite> <!-- testcases.Orders -->
