<?xml version="1.0" encoding="UTF-8"?>
<!-- Generated by org.testng.reporters.JUnitReportReporter -->
<testsuite skipped="0" hostname="DESKTOP-S5GH85J" name="testcases.Orders_GuestFlow" tests="1" failures="0" timestamp="23 Sep 2018 23:59:33 GMT" time="146.993" errors="0">
  <testcase name="orders" time="146.993" classname="testcases.Orders_GuestFlow"/>
</testsuite> <!-- testcases.Orders_GuestFlow -->
