<?xml version="1.0" encoding="UTF-8"?>
<!-- Generated by org.testng.reporters.JUnitReportReporter -->
<testsuite skipped="0" hostname="DESKTOP-S5GH85J" name="testcases.PLP_Showproductsperpage" tests="1" failures="0" timestamp="24 Sep 2018 04:51:43 GMT" time="214.889" errors="0">
  <testcase name="sortBy" time="214.889" classname="testcases.PLP_Showproductsperpage"/>
</testsuite> <!-- testcases.PLP_Showproductsperpage -->
