<?xml version="1.0" encoding="UTF-8"?>
<!-- Generated by org.testng.reporters.JUnitReportReporter -->
<testsuite skipped="0" hostname="DESKTOP-S5GH85J" name="testcases.SearchaModel" tests="1" failures="0" timestamp="23 Sep 2018 20:26:29 GMT" time="36.393" errors="0">
  <testcase name="seachaBrand" time="36.393" classname="testcases.SearchaModel"/>
</testsuite> <!-- testcases.SearchaModel -->
