<?xml version="1.0" encoding="UTF-8"?>
<!-- Generated by org.testng.reporters.JUnitReportReporter -->
<testsuite skipped="0" hostname="DESKTOP-S5GH85J" name="testcases.PDP_YouMayAlsoLikeTab" tests="1" failures="0" timestamp="23 Sep 2018 22:56:22 GMT" time="62.784" errors="0">
  <testcase name="youmayLike" time="62.784" classname="testcases.PDP_YouMayAlsoLikeTab"/>
</testsuite> <!-- testcases.PDP_YouMayAlsoLikeTab -->
