<?xml version="1.0" encoding="UTF-8"?>
<!-- Generated by org.testng.reporters.JUnitReportReporter -->
<testsuite skipped="0" hostname="DESKTOP-S5GH85J" name="testcases.PLP_EditingPageNumber" tests="1" failures="0" timestamp="24 Sep 2018 04:47:42 GMT" time="88.512" errors="0">
  <testcase name="EditingPageNumber" time="88.512" classname="testcases.PLP_EditingPageNumber"/>
</testsuite> <!-- testcases.PLP_EditingPageNumber -->
