<?xml version="1.0" encoding="UTF-8"?>
<!-- Generated by org.testng.reporters.JUnitReportReporter -->
<testsuite skipped="0" hostname="DESKTOP-S5GH85J" name="testcases.Sample" tests="1" failures="0" timestamp="23 Sep 2018 22:53:08 GMT" time="51.352" errors="0">
  <testcase name="nextButton" time="51.352" classname="testcases.Sample"/>
</testsuite> <!-- testcases.Sample -->
