<?xml version="1.0" encoding="UTF-8"?>
<!-- Generated by org.testng.reporters.JUnitReportReporter -->
<testsuite skipped="0" hostname="DESKTOP-S5GH85J" name="testcases.PDP_QuantityDropdown" tests="1" failures="0" timestamp="23 Sep 2018 23:16:25 GMT" time="63.151" errors="0">
  <testcase name="quantitydropdown" time="63.151" classname="testcases.PDP_QuantityDropdown"/>
</testsuite> <!-- testcases.PDP_QuantityDropdown -->
