<?xml version="1.0" encoding="UTF-8"?>
<!-- Generated by org.testng.reporters.JUnitReportReporter -->
<testsuite skipped="0" hostname="DESKTOP-S5GH85J" name="testcases.PDP_Chooseasize" tests="1" failures="0" timestamp="23 Sep 2018 23:29:53 GMT" time="144.238" errors="0">
  <testcase name="choosesize" time="144.238" classname="testcases.PDP_Chooseasize"/>
</testsuite> <!-- testcases.PDP_Chooseasize -->
