<?xml version="1.0" encoding="UTF-8"?>
<!-- Generated by org.testng.reporters.JUnitReportReporter -->
<testsuite skipped="0" hostname="DESKTOP-S5GH85J" name="testcases.PDP_VideosTab" tests="1" failures="0" timestamp="23 Sep 2018 23:01:06 GMT" time="71.480" errors="0">
  <testcase name="videos" time="71.480" classname="testcases.PDP_VideosTab"/>
</testsuite> <!-- testcases.PDP_VideosTab -->
