<?xml version="1.0" encoding="UTF-8"?>
<!-- Generated by org.testng.reporters.JUnitReportReporter -->
<testsuite skipped="0" hostname="DESKTOP-S5GH85J" name="testcases.PLP_ClickingSortBy" tests="1" failures="0" timestamp="24 Sep 2018 04:46:02 GMT" time="95.585" errors="0">
  <testcase name="sortBy" time="95.585" classname="testcases.PLP_ClickingSortBy"/>
</testsuite> <!-- testcases.PLP_ClickingSortBy -->
